<?xml version="1.0" encoding="UTF-8"?>
<!-- Generated by org.testng.reporters.JUnitReportReporter -->
<testsuite hostname="DESKTOP-O5IC10N" failures="0" tests="1" name="com.tests.SampleTest" time="8.112" errors="0" timestamp="2023-01-21T18:10:46 AST" skipped="0">
  <testcase classname="com.tests.SampleTest" name="verifyHomepageTitle" time="8.112"/>
  <system-out/>
</testsuite> <!-- com.tests.SampleTest -->
