<?xml version="1.0" encoding="UTF-8"?>
<!-- Generated by org.testng.reporters.JUnitReportReporter -->
<testsuite hostname="DESKTOP-O5IC10N" failures="0" tests="1" name="com.tests.PublishXrayResults" time="12.347" errors="0" timestamp="2023-01-21T18:11:05 AST" skipped="0">
  <testcase classname="com.tests.PublishXrayResults" name="postExecutionReportBackToXray" time="12.347"/>
  <system-out/>
</testsuite> <!-- com.tests.PublishXrayResults -->
